<?xml version="1.0" encoding="UTF-8"?>
<!-- Generated by org.testng.reporters.JUnitReportReporter -->
<testsuite hostname="f8ffc202fbbf" failures="0" tests="2" name="tests.HomePageTest" time="8.107" errors="0" timestamp="2022-12-24T16:13:02 AST" skipped="0">
  <testcase classname="tests.HomePageTest" name="unloggedCustomerCanSearchForAJob" time="6.867"/>
  <system-out/>
  <testcase classname="tests.HomePageTest" name="customerNotifiedWhenNoOffersMatchGivenCriteria" time="1.240"/>
  <system-out/>
</testsuite> <!-- tests.HomePageTest -->
